============================= test session starts =============================
platform win32 -- Python 3.13.9, pytest-8.4.2, pluggy-1.6.0
rootdir: E:\002-�����ļ�\��Ҫ����\����AIȺ�ĳ���\admin-backend
configfile: pytest.ini
plugins: anyio-4.11.0, asyncio-1.3.0, cov-7.0.0
asyncio: mode=Mode.AUTO, debug=False, asyncio_default_fixture_loop_scope=None, asyncio_default_test_loop_scope=function
collected 489 items / 6 errors

=========================== short test summary info ===========================
ERROR tests/test_alert_rules.py
ERROR tests/test_api.py
ERROR tests/test_group_ai.py
ERROR tests/test_integration_api.py
ERROR tests/test_performance.py
ERROR tests/test_session_pool_unit_fixed.py
!!!!!!!!!!!!!!!!!!! Interrupted: 6 errors during collection !!!!!!!!!!!!!!!!!!!
============================== 6 errors in 6.60s ==============================
